<?xml version="1.0" encoding="UTF-8"?>
<!-- Generated by org.testng.reporters.JUnitXMLReporter -->
<testsuite hostname="ULTP_247" name="Command line test" tests="4" failures="0" timestamp="2 Apr 2015 08:46:42 GMT" time="41.504" errors="0">
  <testcase name="launchOfficeShopper" time="10.09" classname="com.eci.officeshopper.logon.TestLogon"/>
  <testcase name="registerToOfficeShopper" time="12.713" classname="com.eci.officeshopper.logon.TestLogon"/>
  <testcase name="logonToOfficeShopper" time="17.567" classname="com.eci.officeshopper.logon.TestLogon"/>
  <testcase name="logoffOfficeShopper" time="1.124" classname="com.eci.officeshopper.logoff.TestLogoff"/>
</testsuite> <!-- Command line test -->
