<?xml version="1.0" encoding="UTF-8"?>
<testng-results skipped="0" failed="0" total="4" passed="4">
  <reporter-output>
  </reporter-output>
  <suite name="Command line suite" duration-ms="41504" started-at="2015-04-02T08:46:01Z" finished-at="2015-04-02T08:46:42Z">
    <groups>
      <group name="Logon">
        <method signature="TestLogon.logonToOfficeShopper()[pri:0, instance:com.eci.officeshopper.logon.TestLogon@52af6cff]" name="logonToOfficeShopper" class="com.eci.officeshopper.logon.TestLogon"/>
      </group> <!-- Logon -->
      <group name="Install">
        <method signature="TestLogon.launchOfficeShopper()[pri:0, instance:com.eci.officeshopper.logon.TestLogon@52af6cff]" name="launchOfficeShopper" class="com.eci.officeshopper.logon.TestLogon"/>
        <method signature="TestLogon.registerToOfficeShopper()[pri:0, instance:com.eci.officeshopper.logon.TestLogon@52af6cff]" name="registerToOfficeShopper" class="com.eci.officeshopper.logon.TestLogon"/>
      </group> <!-- Install -->
    </groups>
    <test name="Command line test" duration-ms="41504" started-at="2015-04-02T08:46:01Z" finished-at="2015-04-02T08:46:42Z">
      <class name="com.eci.officeshopper.logoff.TestLogoff">
        <test-method status="PASS" signature="logoffOfficeShopper()[pri:0, instance:com.eci.officeshopper.logoff.TestLogoff@15975490]" name="logoffOfficeShopper" duration-ms="1124" started-at="2015-04-02T14:16:41Z" finished-at="2015-04-02T14:16:42Z">
          <reporter-output>
          </reporter-output>
        </test-method> <!-- logoffOfficeShopper -->
      </class> <!-- com.eci.officeshopper.logoff.TestLogoff -->
      <class name="com.eci.officeshopper.logon.TestLogon">
        <test-method status="PASS" signature="launchOfficeShopper()[pri:0, instance:com.eci.officeshopper.logon.TestLogon@52af6cff]" name="launchOfficeShopper" duration-ms="10090" started-at="2015-04-02T14:16:01Z" finished-at="2015-04-02T14:16:11Z">
          <reporter-output>
          </reporter-output>
        </test-method> <!-- launchOfficeShopper -->
        <test-method status="PASS" signature="registerToOfficeShopper()[pri:0, instance:com.eci.officeshopper.logon.TestLogon@52af6cff]" name="registerToOfficeShopper" duration-ms="12713" started-at="2015-04-02T14:16:11Z" finished-at="2015-04-02T14:16:24Z">
          <reporter-output>
          </reporter-output>
        </test-method> <!-- registerToOfficeShopper -->
        <test-method status="PASS" signature="logonToOfficeShopper()[pri:0, instance:com.eci.officeshopper.logon.TestLogon@52af6cff]" name="logonToOfficeShopper" duration-ms="17567" started-at="2015-04-02T14:16:24Z" finished-at="2015-04-02T14:16:41Z">
          <reporter-output>
          </reporter-output>
        </test-method> <!-- logonToOfficeShopper -->
      </class> <!-- com.eci.officeshopper.logon.TestLogon -->
    </test> <!-- Command line test -->
  </suite> <!-- Command line suite -->
</testng-results>
